INFO:  latexindent.pl version 3.24.4, 2024-07-18, a script to indent .tex files
       latexindent.pl lives here: C:/Users/jeffb/AppData/Local/Programs/MiKTeX/scripts/latexindent/
       Tue Aug 20 11:50:37 2024
       Filename: C:\Users\jeffb\Desktop\dev\nuv\full_stack_php_web\docs\srs.tex
INFO:  Processing switches:
       -wd|--overwriteIfDifferent: will overwrite ONLY if indented text is different
INFO:  Directory for backup files and log file indent.log:
       C:\Users\jeffb\Desktop\dev\nuv\full_stack_php_web\docs
INFO:  Perl modules are being loaded from the following directories:
       C:/Strawberry/perl/lib/FindBin.pm
       C:/Strawberry/perl/vendor/lib/YAML/Tiny.pm
       C:/Strawberry/perl/lib/File/Copy.pm
       C:/Strawberry/perl/lib/File/Basename.pm
       C:/Strawberry/perl/lib/Getopt/Long.pm
       C:/Strawberry/perl/vendor/lib/File/HomeDir.pm
INFO:  LatexIndent perl modules are being loaded from, for example:
       C:/Users/jeffb/AppData/Local/Programs/MiKTeX/scripts/latexindent/LatexIndent/Document.pm
INFO:  YAML settings read: defaultSettings.yaml
       Reading defaultSettings.yaml from C:/Users/jeffb/AppData/Local/Programs/MiKTeX/scripts/latexindent/defaultSettings.yaml
INFO:  YAML reading settings
       Home directory is C:\Users\jeffb
       latexindent.pl didn't find indentconfig.yaml or .indentconfig.yaml
       see all possible locations: https://latexindentpl.readthedocs.io/en/latest/sec-appendices.html#indentconfig-options)
INFO:  Phase 1: searching for objects
INFO:  Phase 2: finding surrounding indentation
INFO:  Phase 3: indenting objects
INFO:  Phase 4: final indentation check
INFO:  -wd switch active
       Original body is *different* from indented body
       activating overwrite switch, -w
INFO:  Backup procedure (-w flag active):
       C:\Users\jeffb\Desktop\dev\nuv\full_stack_php_web\docs\srs.bak0 already exists, incrementing by 1 (see maxNumberOfBackUps)
       Backing up C:\Users\jeffb\Desktop\dev\nuv\full_stack_php_web\docs\srs.tex to C:\Users\jeffb\Desktop\dev\nuv\full_stack_php_web\docs\srs.bak1...
       C:\Users\jeffb\Desktop\dev\nuv\full_stack_php_web\docs\srs.tex will be overwritten after indentation
INFO:  Output routine:
       Overwriting file C:\Users\jeffb\Desktop\dev\nuv\full_stack_php_web\docs\srs.tex
       --------------
INFO:  Please direct all communication/issues to:
        https://github.com/cmhughes/latexindent.pl
